22 Feb 2021, 21:54
------------------
SQLSTATE[HY093]: Invalid parameter number: parameter was not defined in [ /Users/kingus/Sites/gas/includes/database.php : 64 ] 

22 Feb 2021, 21:58
------------------
SQLSTATE[HY093]: Invalid parameter number: parameter was not defined in [ /Users/kingus/Sites/gas/includes/database.php : 64 ] 

22 Feb 2021, 22:20
------------------
SQLSTATE[42S22]: Column not found: 1054 Unknown column 'start_date' in 'field list' in [ /Users/kingus/Sites/gas/includes/database.php : 64 ] 

22 Feb 2021, 22:21
------------------
SQLSTATE[42S22]: Column not found: 1054 Unknown column 'start_date' in 'field list' in [ /Users/kingus/Sites/gas/includes/database.php : 64 ] 

22 Feb 2021, 22:21
------------------
SQLSTATE[42S22]: Column not found: 1054 Unknown column 'start_date' in 'field list' in [ /Users/kingus/Sites/gas/includes/database.php : 64 ] 

22 Feb 2021, 22:21
------------------
SQLSTATE[42S22]: Column not found: 1054 Unknown column 'start_date' in 'field list' in [ /Users/kingus/Sites/gas/includes/database.php : 64 ] 

22 Feb 2021, 22:22
------------------
SQLSTATE[42S22]: Column not found: 1054 Unknown column 'start_date' in 'field list' in [ /Users/kingus/Sites/gas/includes/database.php : 64 ] 

22 Feb 2021, 22:33
------------------
SQLSTATE[42S22]: Column not found: 1054 Unknown column 'monthly_fee_supply' in 'field list' in [ /Users/kingus/Sites/gas/includes/database.php : 64 ] 

22 Feb 2021, 22:33
------------------
SQLSTATE[42S22]: Column not found: 1054 Unknown column 'monthly_fee_supply' in 'field list' in [ /Users/kingus/Sites/gas/includes/database.php : 64 ] 

22 Feb 2021, 22:36
------------------
SQLSTATE[42S22]: Column not found: 1054 Unknown column 'monthly_fee_supply' in 'field list' in [ /Users/kingus/Sites/gas/includes/database.php : 64 ] 

22 Feb 2021, 22:44
------------------
SQLSTATE[22007]: Invalid datetime format: 1292 Incorrect date value: '18-07-2016' for column 'start_date' at row 1 in [ /Users/kingus/Sites/gas/includes/database.php : 64 ] 

22 Feb 2021, 22:46
------------------
SQLSTATE[22003]: Numeric value out of range: 1264 Out of range value for column 'avg_combust_heat' at row 1 in [ /Users/kingus/Sites/gas/includes/database.php : 64 ] 

22 Feb 2021, 22:46
------------------
SQLSTATE[22003]: Numeric value out of range: 1264 Out of range value for column 'avg_combust_heat' at row 1 in [ /Users/kingus/Sites/gas/includes/database.php : 64 ] 

22 Feb 2021, 23:22
------------------
SQLSTATE[22007]: Invalid datetime format: 1292 Incorrect date value: '18-07-2016' for column 'start_date' at row 1 in [ /Users/kingus/Sites/gas/includes/database.php : 64 ] 

24 Feb 2021, 5:40
------------------
SQLSTATE[22007]: Invalid datetime format: 1292 Incorrect date value: '' for column 'start_date' at row 1 in [ /Users/kingus/Sites/gas/includes/database.php : 64 ] 

24 Feb 2021, 9:38
------------------
SQLSTATE[HY093]: Invalid parameter number: parameter was not defined in [ /Users/kingus/Sites/gas/includes/database.php : 64 ] 

24 Feb 2021, 9:38
------------------
SQLSTATE[HY093]: Invalid parameter number: parameter was not defined in [ /Users/kingus/Sites/gas/includes/database.php : 64 ] 

26 Feb 2021, 10:39
------------------
SQLSTATE[42S02]: Base table or view not found: 1146 Table 'gas.seasons' doesn't exist in [ /Users/kingus/Sites/gas/includes/database.php : 64 ] 

26 Feb 2021, 14:28
------------------
SQLSTATE[42000]: Syntax error or access violation: 1064 You have an error in your SQL syntax; check the manual that corresponds to your MySQL server version for the right syntax to use near ''-1-07-31'  AND established < date_max '-07-31'' at line 1 in [ /Users/kingus/Sites/gas/includes/database.php : 64 ] 

26 Feb 2021, 14:29
------------------
SQLSTATE[42000]: Syntax error or access violation: 1064 You have an error in your SQL syntax; check the manual that corresponds to your MySQL server version for the right syntax to use near ''2019-07-31'  AND established < date_max '2021-07-31'' at line 1 in [ /Users/kingus/Sites/gas/includes/database.php : 64 ] 

26 Feb 2021, 14:32
------------------
SQLSTATE[42000]: Syntax error or access violation: 1064 You have an error in your SQL syntax; check the manual that corresponds to your MySQL server version for the right syntax to use near ''2019-07-31'  AND established < date_max '2021-07-31'' at line 1 in [ /Users/kingus/Sites/gas/includes/database.php : 64 ] 

26 Feb 2021, 14:37
------------------
SQLSTATE[42S22]: Column not found: 1054 Unknown column 'date_min' in 'where clause' in [ /Users/kingus/Sites/gas/includes/database.php : 64 ] 

2 Mar 2021, 9:54
------------------
SQLSTATE[HY093]: Invalid parameter number: number of bound variables does not match number of tokens in [ /Users/kingus/Sites/gas/includes/database.php : 64 ] 

2 Mar 2021, 9:59
------------------
SQLSTATE[HY093]: Invalid parameter number: number of bound variables does not match number of tokens in [ /Users/kingus/Sites/gas/includes/database.php : 64 ] 

2 Mar 2021, 10:17
------------------
SQLSTATE[HY093]: Invalid parameter number: number of bound variables does not match number of tokens in [ /Users/kingus/Sites/gas/includes/database.php : 64 ] 

2 Mar 2021, 14:40
------------------
SQLSTATE[HY093]: Invalid parameter number: number of bound variables does not match number of tokens in [ /Users/kingus/Sites/gas/includes/database.php : 64 ] 

2 Mar 2021, 14:44
------------------
SQLSTATE[HY093]: Invalid parameter number: number of bound variables does not match number of tokens in [ /Users/kingus/Sites/gas/includes/database.php : 64 ] 

2 Mar 2021, 14:56
------------------
SQLSTATE[HY093]: Invalid parameter number: number of bound variables does not match number of tokens in [ /Users/kingus/Sites/gas/includes/database.php : 64 ] 

2 Mar 2021, 15:14
------------------
SQLSTATE[HY000]: General error: 1364 Field 'monthly_fee' doesn't have a default value in [ /Users/kingus/Sites/gas/includes/database.php : 64 ] 

2 Mar 2021, 15:14
------------------
SQLSTATE[HY000]: General error: 1364 Field 'monthly_fee' doesn't have a default value in [ /Users/kingus/Sites/gas/includes/database.php : 64 ] 

2 Mar 2021, 15:15
------------------
SQLSTATE[HY000]: General error: 1364 Field 'monthly_fee' doesn't have a default value in [ /Users/kingus/Sites/gas/includes/database.php : 64 ] 

2 Mar 2021, 15:19
------------------
SQLSTATE[HY000]: General error: 1364 Field 'monthly_fee' doesn't have a default value in [ /Users/kingus/Sites/gas/includes/database.php : 64 ] 

2 Mar 2021, 15:25
------------------
SQLSTATE[HY093]: Invalid parameter number: number of bound variables does not match number of tokens in [ /Users/kingus/Sites/gas/includes/database.php : 64 ] 

5 Mar 2021, 13:47
------------------
SQLSTATE[23000]: Integrity constraint violation: 1062 Duplicate entry '161' for key 'PRIMARY' in [ /Users/kingus/Sites/gas/includes/database.php : 64 ] 

15 Mar 2021, 5:12
------------------
SQLSTATE[HY093]: Invalid parameter number: number of bound variables does not match number of tokens in [ /Users/kingus/Sites/gas/includes/database.php : 64 ] 

31 Aug 2021, 9:03
------------------
SQLSTATE[01000]: Warning: 1265 Data truncated for column 'reading' at row 1 in [ /Users/kingus/Sites/gas/app/includes/database.php : 64 ] 

3 Sep 2021, 13:56
------------------
SQLSTATE[01000]: Warning: 1265 Data truncated for column 'reading' at row 1 in [ /Users/kingus/Sites/gas/app/includes/database.php : 64 ] 

13 Sep 2021, 6:32
------------------
SQLSTATE[01000]: Warning: 1265 Data truncated for column 'reading' at row 1 in [ /Users/kingus/Sites/gas/app/includes/database.php : 64 ] 

17 Sep 2021, 15:12
------------------
SQLSTATE[01000]: Warning: 1265 Data truncated for column 'reading' at row 1 in [ /Users/kingus/Sites/gas/app/includes/database.php : 64 ] 

20 Sep 2021, 7:36
------------------
SQLSTATE[HY093]: Invalid parameter number: number of bound variables does not match number of tokens in [ /Users/kingus/Sites/gas/app/includes/database.php : 64 ] 

20 Sep 2021, 8:23
------------------
SQLSTATE[HY093]: Invalid parameter number: number of bound variables does not match number of tokens in [ /Users/kingus/Sites/gas/app/includes/database.php : 64 ] 

20 Sep 2021, 8:32
------------------
SQLSTATE[HY093]: Invalid parameter number: number of bound variables does not match number of tokens in [ /Users/kingus/Sites/gas/app/includes/database.php : 64 ] 

21 Sep 2021, 4:31
------------------
SQLSTATE[22007]: Invalid datetime format: 1292 Incorrect date value: '87657' for column 'start_date' at row 1 in [ /Users/kingus/Sites/gas/app/includes/database.php : 64 ] 

